2022/02/14 06:01:10 [notice] 1#1: using the "epoll" event method
2022/02/14 06:01:10 [notice] 1#1: nginx/1.21.6
2022/02/14 06:01:10 [notice] 1#1: built by gcc 10.2.1 20210110 (Debian 10.2.1-6) 
2022/02/14 06:01:10 [notice] 1#1: OS: Linux 5.10.76-linuxkit
2022/02/14 06:01:10 [notice] 1#1: getrlimit(RLIMIT_NOFILE): 1048576:1048576
2022/02/14 06:01:10 [notice] 1#1: start worker processes
2022/02/14 06:01:10 [notice] 1#1: start worker process 22
2022/02/14 06:01:10 [notice] 1#1: start worker process 23
2022/02/14 06:01:19 [error] 22#22: *1 directory index of "/data/www/" is forbidden, client: 172.19.0.1, server: , request: "GET / HTTP/1.1", host: "127.0.0.1"
2022/02/14 06:01:59 [error] 22#22: *1 directory index of "/data/www/" is forbidden, client: 172.19.0.1, server: , request: "GET / HTTP/1.1", host: "127.0.0.1"
2022/02/14 06:02:00 [error] 22#22: *1 directory index of "/data/www/" is forbidden, client: 172.19.0.1, server: , request: "GET / HTTP/1.1", host: "127.0.0.1"
2022/02/14 06:02:08 [error] 22#22: *1 directory index of "/data/www/" is forbidden, client: 172.19.0.1, server: , request: "GET / HTTP/1.1", host: "127.0.0.1"
2022/02/14 06:02:10 [error] 22#22: *1 directory index of "/data/www/" is forbidden, client: 172.19.0.1, server: , request: "GET / HTTP/1.1", host: "127.0.0.1"
2022/02/14 06:02:10 [error] 22#22: *1 directory index of "/data/www/" is forbidden, client: 172.19.0.1, server: , request: "GET / HTTP/1.1", host: "127.0.0.1"
2022/02/14 06:02:10 [error] 22#22: *1 directory index of "/data/www/" is forbidden, client: 172.19.0.1, server: , request: "GET / HTTP/1.1", host: "127.0.0.1"
2022/02/14 06:03:45 [error] 23#23: *4 directory index of "/data/www/" is forbidden, client: 172.19.0.1, server: , request: "GET / HTTP/1.1", host: "127.0.0.1"
2022/02/14 06:03:45 [error] 23#23: *4 directory index of "/data/www/" is forbidden, client: 172.19.0.1, server: , request: "GET / HTTP/1.1", host: "127.0.0.1"
2022/02/14 06:08:10 [notice] 1#1: signal 3 (SIGQUIT) received, shutting down
2022/02/14 06:08:10 [notice] 23#23: gracefully shutting down
2022/02/14 06:08:10 [notice] 22#22: gracefully shutting down
2022/02/14 06:08:10 [notice] 22#22: exiting
2022/02/14 06:08:10 [notice] 23#23: exiting
2022/02/14 06:08:10 [notice] 23#23: exit
2022/02/14 06:08:10 [notice] 22#22: exit
2022/02/14 06:08:10 [notice] 1#1: signal 17 (SIGCHLD) received from 22
2022/02/14 06:08:10 [notice] 1#1: worker process 22 exited with code 0
2022/02/14 06:08:10 [notice] 1#1: worker process 23 exited with code 0
2022/02/14 06:08:10 [notice] 1#1: exit
2022/02/14 06:08:11 [notice] 1#1: using the "epoll" event method
2022/02/14 06:08:11 [notice] 1#1: nginx/1.21.6
2022/02/14 06:08:11 [notice] 1#1: built by gcc 10.2.1 20210110 (Debian 10.2.1-6) 
2022/02/14 06:08:11 [notice] 1#1: OS: Linux 5.10.76-linuxkit
2022/02/14 06:08:11 [notice] 1#1: getrlimit(RLIMIT_NOFILE): 1048576:1048576
2022/02/14 06:08:11 [notice] 1#1: start worker processes
2022/02/14 06:08:11 [notice] 1#1: start worker process 22
2022/02/14 06:08:11 [notice] 1#1: start worker process 23
2022/02/14 06:16:49 [notice] 1#1: signal 3 (SIGQUIT) received, shutting down
2022/02/14 06:16:49 [notice] 22#22: gracefully shutting down
2022/02/14 06:16:49 [notice] 23#23: gracefully shutting down
2022/02/14 06:16:49 [notice] 22#22: exiting
2022/02/14 06:16:49 [notice] 23#23: exiting
2022/02/14 06:16:49 [notice] 22#22: exit
2022/02/14 06:16:49 [notice] 23#23: exit
2022/02/14 06:16:49 [notice] 1#1: signal 17 (SIGCHLD) received from 22
2022/02/14 06:16:49 [notice] 1#1: worker process 22 exited with code 0
2022/02/14 06:16:49 [notice] 1#1: signal 29 (SIGIO) received
2022/02/14 06:16:49 [notice] 1#1: signal 17 (SIGCHLD) received from 23
2022/02/14 06:16:49 [notice] 1#1: worker process 23 exited with code 0
2022/02/14 06:16:49 [notice] 1#1: exit
2022/02/14 06:16:49 [notice] 1#1: using the "epoll" event method
2022/02/14 06:16:49 [notice] 1#1: nginx/1.21.6
2022/02/14 06:16:49 [notice] 1#1: built by gcc 10.2.1 20210110 (Debian 10.2.1-6) 
2022/02/14 06:16:49 [notice] 1#1: OS: Linux 5.10.76-linuxkit
2022/02/14 06:16:49 [notice] 1#1: getrlimit(RLIMIT_NOFILE): 1048576:1048576
2022/02/14 06:16:49 [notice] 1#1: start worker processes
2022/02/14 06:16:49 [notice] 1#1: start worker process 22
2022/02/14 06:16:49 [notice] 1#1: start worker process 23
2022/02/14 06:17:30 [notice] 1#1: signal 3 (SIGQUIT) received, shutting down
2022/02/14 06:17:30 [notice] 22#22: gracefully shutting down
2022/02/14 06:17:30 [notice] 22#22: exiting
2022/02/14 06:17:30 [notice] 23#23: gracefully shutting down
2022/02/14 06:17:30 [notice] 23#23: exiting
2022/02/14 06:17:30 [notice] 22#22: exit
2022/02/14 06:17:30 [notice] 23#23: exit
2022/02/14 06:17:30 [notice] 1#1: signal 17 (SIGCHLD) received from 22
2022/02/14 06:17:30 [notice] 1#1: worker process 22 exited with code 0
2022/02/14 06:17:30 [notice] 1#1: signal 29 (SIGIO) received
2022/02/14 06:17:30 [notice] 1#1: signal 17 (SIGCHLD) received from 23
2022/02/14 06:17:30 [notice] 1#1: worker process 23 exited with code 0
2022/02/14 06:17:30 [notice] 1#1: exit
2022/02/14 06:17:31 [notice] 1#1: using the "epoll" event method
2022/02/14 06:17:31 [notice] 1#1: nginx/1.21.6
2022/02/14 06:17:31 [notice] 1#1: built by gcc 10.2.1 20210110 (Debian 10.2.1-6) 
2022/02/14 06:17:31 [notice] 1#1: OS: Linux 5.10.76-linuxkit
2022/02/14 06:17:31 [notice] 1#1: getrlimit(RLIMIT_NOFILE): 1048576:1048576
2022/02/14 06:17:31 [notice] 1#1: start worker processes
2022/02/14 06:17:31 [notice] 1#1: start worker process 22
2022/02/14 06:17:31 [notice] 1#1: start worker process 23
2022/02/14 06:19:18 [notice] 1#1: signal 3 (SIGQUIT) received, shutting down
2022/02/14 06:19:18 [notice] 23#23: gracefully shutting down
2022/02/14 06:19:18 [notice] 23#23: exiting
2022/02/14 06:19:18 [notice] 22#22: gracefully shutting down
2022/02/14 06:19:18 [notice] 23#23: exit
2022/02/14 06:19:18 [notice] 22#22: exiting
2022/02/14 06:19:18 [notice] 22#22: exit
2022/02/14 06:19:18 [notice] 1#1: signal 17 (SIGCHLD) received from 23
2022/02/14 06:19:18 [notice] 1#1: worker process 23 exited with code 0
2022/02/14 06:19:18 [notice] 1#1: signal 29 (SIGIO) received
2022/02/14 06:19:18 [notice] 1#1: signal 17 (SIGCHLD) received from 22
2022/02/14 06:19:18 [notice] 1#1: worker process 22 exited with code 0
2022/02/14 06:19:18 [notice] 1#1: exit
2022/02/14 06:19:20 [notice] 1#1: using the "epoll" event method
2022/02/14 06:19:20 [notice] 1#1: nginx/1.21.6
2022/02/14 06:19:20 [notice] 1#1: built by gcc 10.2.1 20210110 (Debian 10.2.1-6) 
2022/02/14 06:19:20 [notice] 1#1: OS: Linux 5.10.76-linuxkit
2022/02/14 06:19:20 [notice] 1#1: getrlimit(RLIMIT_NOFILE): 1048576:1048576
2022/02/14 06:19:20 [notice] 1#1: start worker processes
2022/02/14 06:19:20 [notice] 1#1: start worker process 22
2022/02/14 06:19:20 [notice] 1#1: start worker process 23
2022/02/14 06:59:51 [notice] 1#1: signal 3 (SIGQUIT) received, shutting down
2022/02/14 06:59:51 [notice] 22#22: gracefully shutting down
2022/02/14 06:59:51 [notice] 22#22: exiting
2022/02/14 06:59:51 [notice] 23#23: gracefully shutting down
2022/02/14 06:59:51 [notice] 23#23: exiting
2022/02/14 06:59:51 [notice] 22#22: exit
2022/02/14 06:59:51 [notice] 23#23: exit
2022/02/14 06:59:51 [notice] 1#1: signal 17 (SIGCHLD) received from 22
2022/02/14 06:59:51 [notice] 1#1: worker process 22 exited with code 0
2022/02/14 06:59:51 [notice] 1#1: signal 29 (SIGIO) received
2022/02/14 06:59:51 [notice] 1#1: signal 17 (SIGCHLD) received from 23
2022/02/14 06:59:51 [notice] 1#1: worker process 23 exited with code 0
2022/02/14 06:59:51 [notice] 1#1: exit
